0001   0000             CTC_0       =       08h
0002   0000             C_PIO_A     =       71h
0003   0000             D_PIO_A     =       70h
0004   0000             
0005   8000             .org 8000h
0006   8000 31 00 80        ld      SP, $
0007   8003             
0008   8003 3E 37           ld      a, 37h
0009   8005 D3 08           out     (CTC_0), a
0010   8007             
0011   8007 3E FF           ld      A, 0ffh
0012   8009 D3 08           out     (CTC_0), A
0013   800B             
0014   800B 3E 0F           ld      A, 0Fh
0015   800D D3 71           out     (C_PIO_A), A
0016   800F             
0017   800F 3E 01           ld      a, 1
0018   8011 47              ld      b, a
0019   8012             main:
0020   8012 00              nop
0021   8013 DB 08           in      a, (CTC_0)
0022   8015 00              nop
0023   8016 FE 01           cp      01h
0024   8018 C2 12 80        jp     nz, main
0025   801B 78              ld      a,b
0026   801C EE 01           xor    1
0027   801E D3 70           out    (D_PIO_A), a
0028   8020 47              ld      b,a
0029   8021             
0030   8021 3E 37           ld      a, 37h
0031   8023 D3 08           out     (CTC_0), a
0032   8025             
0033   8025 DB 60           in      a, (60h)
0034   8027 D3 08           out     (CTC_0), A
0035   8029             
0036   8029 C3 12 80        JP      main
0037   802C             
0038   802C             .end 
tasm: Number of errors = 0
